[debug] [2021-04-10T18:15:03.740Z] ----------------------------------------------------------------------
[debug] [2021-04-10T18:15:03.743Z] Command:       /snap/node/3292/bin/node /usr/local/bin/firebase emulators:start
[debug] [2021-04-10T18:15:03.743Z] CLI Version:   9.2.2
[debug] [2021-04-10T18:15:03.743Z] Platform:      linux
[debug] [2021-04-10T18:15:03.743Z] Node Version:  v12.19.0
[debug] [2021-04-10T18:15:03.744Z] Time:          Sat Apr 10 2021 23:45:03 GMT+0530 (India Standard Time)
[debug] [2021-04-10T18:15:03.744Z] ----------------------------------------------------------------------
[debug] [2021-04-10T18:15:03.744Z] 
[debug] [2021-04-10T18:15:03.753Z] > command requires scopes: ["email","openid","https://www.googleapis.com/auth/cloudplatformprojects.readonly","https://www.googleapis.com/auth/firebase","https://www.googleapis.com/auth/cloud-platform"]
[debug] [2021-04-10T18:15:03.754Z] > authorizing via signed-in user
[info] i  emulators: Starting emulators: functions {"metadata":{"emulator":{"name":"hub"},"message":"Starting emulators: functions"}}
[debug] [2021-04-10T18:15:03.776Z] [hub] writing locator at /tmp/hub-khet-market.json
[warn] ⚠  functions: The following emulators are not running, calls to these services from the Functions emulator will affect production: auth, firestore, database, hosting, pubsub {"metadata":{"emulator":{"name":"functions"},"message":"The following emulators are not running, calls to these services from the Functions emulator will affect production: \u001b[1mauth, firestore, database, hosting, pubsub\u001b[22m"}}
[info] ✔  functions: Using node@12 from host. {"metadata":{"emulator":{"name":"functions"},"message":"Using node@12 from host."}}
[debug] [2021-04-10T18:15:03.821Z] defaultcredentials: writing to file /home/dell/.config/firebase/pranjalsrivastava148_gmail_com_application_default_credentials.json
[debug] [2021-04-10T18:15:04.005Z] Setting GAC to /home/dell/.config/firebase/pranjalsrivastava148_gmail_com_application_default_credentials.json {"metadata":{"emulator":{"name":"functions"},"message":"Setting GAC to /home/dell/.config/firebase/pranjalsrivastava148_gmail_com_application_default_credentials.json"}}
[debug] [2021-04-10T18:15:04.012Z] > refreshing access token with scopes: []
[debug] [2021-04-10T18:15:04.015Z] >>> HTTP REQUEST POST https://www.googleapis.com/oauth2/v3/token  
 <request body omitted>
[debug] [2021-04-10T18:15:04.752Z] <<< HTTP RESPONSE 200 {"date":"Sat, 10 Apr 2021 18:15:04 GMT","cache-control":"no-cache, no-store, max-age=0, must-revalidate","expires":"Mon, 01 Jan 1990 00:00:00 GMT","pragma":"no-cache","content-type":"application/json; charset=utf-8","vary":"X-Origin, Referer, Origin,Accept-Encoding","server":"scaffolding on HTTPServer2","x-xss-protection":"0","x-frame-options":"SAMEORIGIN","x-content-type-options":"nosniff","alt-svc":"h3-29=\":443\"; ma=2592000,h3-T051=\":443\"; ma=2592000,h3-Q050=\":443\"; ma=2592000,h3-Q046=\":443\"; ma=2592000,h3-Q043=\":443\"; ma=2592000,quic=\":443\"; ma=2592000; v=\"46,43\"","accept-ranges":"none","transfer-encoding":"chunked"}
[debug] [2021-04-10T18:15:06.079Z] >>> [apiv2][query] GET https://firebase.googleapis.com/v1beta1/projects/khet-market/adminSdkConfig [none]
[debug] [2021-04-10T18:15:07.075Z] <<< [apiv2][status] GET https://firebase.googleapis.com/v1beta1/projects/khet-market/adminSdkConfig 200
[debug] [2021-04-10T18:15:07.076Z] <<< [apiv2][body] GET https://firebase.googleapis.com/v1beta1/projects/khet-market/adminSdkConfig {"projectId":"khet-market","storageBucket":"khet-market.appspot.com","locationId":"us-central"}
[debug] [2021-04-10T18:15:07.153Z] Ignoring unsupported arg: auto_download {"metadata":{"emulator":{"name":"ui"},"message":"Ignoring unsupported arg: auto_download"}}
[debug] [2021-04-10T18:15:07.153Z] Ignoring unsupported arg: port {"metadata":{"emulator":{"name":"ui"},"message":"Ignoring unsupported arg: port"}}
[debug] [2021-04-10T18:15:07.154Z] Starting Emulator UI with command {"binary":"node","args":["/home/dell/.cache/firebase/emulators/ui-v1.4.1/server.bundle.js"],"optionalArgs":[],"joinArgs":false} {"metadata":{"emulator":{"name":"ui"},"message":"Starting Emulator UI with command {\"binary\":\"node\",\"args\":[\"/home/dell/.cache/firebase/emulators/ui-v1.4.1/server.bundle.js\"],\"optionalArgs\":[],\"joinArgs\":false}"}}
[info] i  ui: Emulator UI logging to ui-debug.log {"metadata":{"emulator":{"name":"ui"},"message":"Emulator UI logging to \u001b[1mui-debug.log\u001b[22m"}}
[info] i  functions: Watching "/media/dell/3ADC8576DC852D67/Users/DELL/Documents/Personal Projects/khet-market/functions" for Cloud Functions... {"metadata":{"emulator":{"name":"functions"},"message":"Watching \"/media/dell/3ADC8576DC852D67/Users/DELL/Documents/Personal Projects/khet-market/functions\" for Cloud Functions..."}}
[debug] [2021-04-10T18:15:09.023Z] [worker-pool] addWorker(~diagnostic~) {"metadata":{"emulator":{"name":"functions"},"message":"[worker-pool] addWorker(~diagnostic~)"}}
[debug] [2021-04-10T18:15:09.026Z] [worker-pool] Adding worker with key ~diagnostic~, total=1 {"metadata":{"emulator":{"name":"functions"},"message":"[worker-pool] Adding worker with key ~diagnostic~, total=1"}}
[debug] [2021-04-10T18:15:09.027Z] [worker-pool] submitWork(triggerId=) {"metadata":{"emulator":{"name":"functions"},"message":"[worker-pool] submitWork(triggerId=)"}}
[debug] [2021-04-10T18:15:09.030Z] [worker-~diagnostic~-aaf3a596-38dc-456a-ae4b-ed164126fe41]: Assigning socketPath: /tmp/fire_emu_7417.sock {"metadata":{"emulator":{"name":"functions"},"message":"[worker-~diagnostic~-aaf3a596-38dc-456a-ae4b-ed164126fe41]: Assigning socketPath: /tmp/fire_emu_7417.sock"}}
[debug] [2021-04-10T18:15:09.034Z] [worker-~diagnostic~-aaf3a596-38dc-456a-ae4b-ed164126fe41]: BUSY {"metadata":{"emulator":{"name":"functions"},"message":"[worker-~diagnostic~-aaf3a596-38dc-456a-ae4b-ed164126fe41]: BUSY"}}
[debug] [2021-04-10T18:15:09.431Z] [runtime-status] [7417] Functions runtime initialized. {"cwd":"/media/dell/3ADC8576DC852D67/Users/DELL/Documents/Personal Projects/khet-market/functions","node_version":"12.19.0"} {"metadata":{"emulator":{"name":"functions"},"message":"[runtime-status] [7417] Functions runtime initialized. {\"cwd\":\"/media/dell/3ADC8576DC852D67/Users/DELL/Documents/Personal Projects/khet-market/functions\",\"node_version\":\"12.19.0\"}"}}
[debug] [2021-04-10T18:15:09.433Z] [runtime-status] [7417] Disabled runtime features: undefined {"metadata":{"emulator":{"name":"functions"},"message":"[runtime-status] [7417] Disabled runtime features: undefined"}}
[debug] [2021-04-10T18:15:09.443Z] [runtime-status] [7417] Resolved module firebase-admin {"declared":true,"installed":true,"version":"9.6.0","resolution":"/media/dell/3ADC8576DC852D67/Users/DELL/Documents/Personal Projects/khet-market/functions/node_modules/firebase-admin/lib/index.js"} {"metadata":{"emulator":{"name":"functions"},"message":"[runtime-status] [7417] Resolved module firebase-admin {\"declared\":true,\"installed\":true,\"version\":\"9.6.0\",\"resolution\":\"/media/dell/3ADC8576DC852D67/Users/DELL/Documents/Personal Projects/khet-market/functions/node_modules/firebase-admin/lib/index.js\"}"}}
[debug] [2021-04-10T18:15:09.450Z] [runtime-status] [7417] Resolved module firebase-functions {"declared":true,"installed":true,"version":"3.13.2","resolution":"/media/dell/3ADC8576DC852D67/Users/DELL/Documents/Personal Projects/khet-market/functions/node_modules/firebase-functions/lib/index.js"} {"metadata":{"emulator":{"name":"functions"},"message":"[runtime-status] [7417] Resolved module firebase-functions {\"declared\":true,\"installed\":true,\"version\":\"3.13.2\",\"resolution\":\"/media/dell/3ADC8576DC852D67/Users/DELL/Documents/Personal Projects/khet-market/functions/node_modules/firebase-functions/lib/index.js\"}"}}
[debug] [2021-04-10T18:15:09.455Z] [runtime-status] [7417] Resolved module firebase-functions {"declared":true,"installed":true,"version":"3.13.2","resolution":"/media/dell/3ADC8576DC852D67/Users/DELL/Documents/Personal Projects/khet-market/functions/node_modules/firebase-functions/lib/index.js"} {"metadata":{"emulator":{"name":"functions"},"message":"[runtime-status] [7417] Resolved module firebase-functions {\"declared\":true,\"installed\":true,\"version\":\"3.13.2\",\"resolution\":\"/media/dell/3ADC8576DC852D67/Users/DELL/Documents/Personal Projects/khet-market/functions/node_modules/firebase-functions/lib/index.js\"}"}}
[debug] [2021-04-10T18:15:09.457Z] [runtime-status] [7417] Outgoing network have been stubbed. [{"name":"http","status":"mocked"},{"name":"http","status":"mocked"},{"name":"https","status":"mocked"},{"name":"https","status":"mocked"},{"name":"net","status":"mocked"}] {"metadata":{"emulator":{"name":"functions"},"message":"[runtime-status] [7417] Outgoing network have been stubbed. [{\"name\":\"http\",\"status\":\"mocked\"},{\"name\":\"http\",\"status\":\"mocked\"},{\"name\":\"https\",\"status\":\"mocked\"},{\"name\":\"https\",\"status\":\"mocked\"},{\"name\":\"net\",\"status\":\"mocked\"}]"}}
[debug] [2021-04-10T18:15:09.462Z] [runtime-status] [7417] Resolved module firebase-functions {"declared":true,"installed":true,"version":"3.13.2","resolution":"/media/dell/3ADC8576DC852D67/Users/DELL/Documents/Personal Projects/khet-market/functions/node_modules/firebase-functions/lib/index.js"} {"metadata":{"emulator":{"name":"functions"},"message":"[runtime-status] [7417] Resolved module firebase-functions {\"declared\":true,\"installed\":true,\"version\":\"3.13.2\",\"resolution\":\"/media/dell/3ADC8576DC852D67/Users/DELL/Documents/Personal Projects/khet-market/functions/node_modules/firebase-functions/lib/index.js\"}"}}
[debug] [2021-04-10T18:15:10.446Z] [runtime-status] [7417] Checked functions.config() {"config":{}} {"metadata":{"emulator":{"name":"functions"},"message":"[runtime-status] [7417] Checked functions.config() {\"config\":{}}"}}
[debug] [2021-04-10T18:15:10.448Z] [runtime-status] [7417] firebase-functions has been stubbed. {"functionsResolution":{"declared":true,"installed":true,"version":"3.13.2","resolution":"/media/dell/3ADC8576DC852D67/Users/DELL/Documents/Personal Projects/khet-market/functions/node_modules/firebase-functions/lib/index.js"}} {"metadata":{"emulator":{"name":"functions"},"message":"[runtime-status] [7417] firebase-functions has been stubbed. {\"functionsResolution\":{\"declared\":true,\"installed\":true,\"version\":\"3.13.2\",\"resolution\":\"/media/dell/3ADC8576DC852D67/Users/DELL/Documents/Personal Projects/khet-market/functions/node_modules/firebase-functions/lib/index.js\"}}"}}
[debug] [2021-04-10T18:15:10.465Z] [runtime-status] [7417] Resolved module firebase-functions {"declared":true,"installed":true,"version":"3.13.2","resolution":"/media/dell/3ADC8576DC852D67/Users/DELL/Documents/Personal Projects/khet-market/functions/node_modules/firebase-functions/lib/index.js"} {"metadata":{"emulator":{"name":"functions"},"message":"[runtime-status] [7417] Resolved module firebase-functions {\"declared\":true,\"installed\":true,\"version\":\"3.13.2\",\"resolution\":\"/media/dell/3ADC8576DC852D67/Users/DELL/Documents/Personal Projects/khet-market/functions/node_modules/firebase-functions/lib/index.js\"}"}}
[debug] [2021-04-10T18:15:10.477Z] [runtime-status] [7417] Resolved module firebase-admin {"declared":true,"installed":true,"version":"9.6.0","resolution":"/media/dell/3ADC8576DC852D67/Users/DELL/Documents/Personal Projects/khet-market/functions/node_modules/firebase-admin/lib/index.js"} {"metadata":{"emulator":{"name":"functions"},"message":"[runtime-status] [7417] Resolved module firebase-admin {\"declared\":true,\"installed\":true,\"version\":\"9.6.0\",\"resolution\":\"/media/dell/3ADC8576DC852D67/Users/DELL/Documents/Personal Projects/khet-market/functions/node_modules/firebase-admin/lib/index.js\"}"}}
[debug] [2021-04-10T18:15:10.481Z] [runtime-status] [7417] Resolved module firebase-functions {"declared":true,"installed":true,"version":"3.13.2","resolution":"/media/dell/3ADC8576DC852D67/Users/DELL/Documents/Personal Projects/khet-market/functions/node_modules/firebase-functions/lib/index.js"} {"metadata":{"emulator":{"name":"functions"},"message":"[runtime-status] [7417] Resolved module firebase-functions {\"declared\":true,\"installed\":true,\"version\":\"3.13.2\",\"resolution\":\"/media/dell/3ADC8576DC852D67/Users/DELL/Documents/Personal Projects/khet-market/functions/node_modules/firebase-functions/lib/index.js\"}"}}
[debug] [2021-04-10T18:15:10.482Z] [runtime-status] [7417] firebase-admin has been stubbed. {"adminResolution":{"declared":true,"installed":true,"version":"9.6.0","resolution":"/media/dell/3ADC8576DC852D67/Users/DELL/Documents/Personal Projects/khet-market/functions/node_modules/firebase-admin/lib/index.js"}} {"metadata":{"emulator":{"name":"functions"},"message":"[runtime-status] [7417] firebase-admin has been stubbed. {\"adminResolution\":{\"declared\":true,\"installed\":true,\"version\":\"9.6.0\",\"resolution\":\"/media/dell/3ADC8576DC852D67/Users/DELL/Documents/Personal Projects/khet-market/functions/node_modules/firebase-admin/lib/index.js\"}}"}}
[info] ✔  functions[api]: http function initialized (http://localhost:5001/khet-market/us-central1/api). {"metadata":{"emulator":{"name":"functions"},"message":"\u001b[1mhttp\u001b[22m function initialized (http://localhost:5001/khet-market/us-central1/api)."}}
[info] 
┌─────────────────────────────────────────────────────────────┐
│ ✔  All emulators ready! It is now safe to connect your app. │
│ i  View Emulator UI at http://localhost:4000                │
└─────────────────────────────────────────────────────────────┘

┌───────────┬────────────────┬─────────────────────────────────┐
│ Emulator  │ Host:Port      │ View in Emulator UI             │
├───────────┼────────────────┼─────────────────────────────────┤
│ Functions │ localhost:5001 │ http://localhost:4000/functions │
└───────────┴────────────────┴─────────────────────────────────┘
  Emulator Hub running at localhost:4400
  Other reserved ports: 4500

Issues? Report them at https://github.com/firebase/firebase-tools/issues and attach the *-debug.log files.
 
[debug] [2021-04-10T18:15:13.081Z] [worker-~diagnostic~-aaf3a596-38dc-456a-ae4b-ed164126fe41]: IDLE {"metadata":{"emulator":{"name":"functions"},"message":"[worker-~diagnostic~-aaf3a596-38dc-456a-ae4b-ed164126fe41]: IDLE"}}
[debug] [2021-04-10T18:15:24.410Z] [work-queue] {"queueLength":1,"workRunningCount":0}
[debug] [2021-04-10T18:15:24.411Z] [work-queue] {"queueLength":0,"workRunningCount":1}
[debug] [2021-04-10T18:15:24.412Z] Accepted request GET /khet-market/us-central1/api --> api
[debug] [2021-04-10T18:15:24.425Z] [worker-pool] addWorker(api) {"metadata":{"emulator":{"name":"functions"},"message":"[worker-pool] addWorker(api)"}}
[debug] [2021-04-10T18:15:24.426Z] [worker-pool] Adding worker with key api, total=1 {"metadata":{"emulator":{"name":"functions"},"message":"[worker-pool] Adding worker with key api, total=1"}}
[debug] [2021-04-10T18:15:24.427Z] [worker-pool] submitWork(triggerId=api) {"metadata":{"emulator":{"name":"functions"},"message":"[worker-pool] submitWork(triggerId=api)"}}
[debug] [2021-04-10T18:15:24.427Z] [worker-api-8cc72be7-41ff-4be9-a92f-c3b2e09799f4]: Assigning socketPath: /tmp/fire_emu_7486.sock {"metadata":{"emulator":{"name":"functions"},"message":"[worker-api-8cc72be7-41ff-4be9-a92f-c3b2e09799f4]: Assigning socketPath: /tmp/fire_emu_7486.sock"}}
[debug] [2021-04-10T18:15:24.427Z] [worker-api-8cc72be7-41ff-4be9-a92f-c3b2e09799f4]: BUSY {"metadata":{"emulator":{"name":"functions"},"message":"[worker-api-8cc72be7-41ff-4be9-a92f-c3b2e09799f4]: BUSY"}}
[debug] [2021-04-10T18:15:24.677Z] [runtime-status] [7486] Functions runtime initialized. {"cwd":"/media/dell/3ADC8576DC852D67/Users/DELL/Documents/Personal Projects/khet-market/functions","node_version":"12.19.0"} {"metadata":{"emulator":{"name":"functions"},"function":{"name":"api"},"message":"[runtime-status] [7486] Functions runtime initialized. {\"cwd\":\"/media/dell/3ADC8576DC852D67/Users/DELL/Documents/Personal Projects/khet-market/functions\",\"node_version\":\"12.19.0\"}"}}
[debug] [2021-04-10T18:15:24.680Z] [runtime-status] [7486] Disabled runtime features: undefined {"metadata":{"emulator":{"name":"functions"},"function":{"name":"api"},"message":"[runtime-status] [7486] Disabled runtime features: undefined"}}
[debug] [2021-04-10T18:15:24.693Z] [runtime-status] [7486] Resolved module firebase-admin {"declared":true,"installed":true,"version":"9.6.0","resolution":"/media/dell/3ADC8576DC852D67/Users/DELL/Documents/Personal Projects/khet-market/functions/node_modules/firebase-admin/lib/index.js"} {"metadata":{"emulator":{"name":"functions"},"function":{"name":"api"},"message":"[runtime-status] [7486] Resolved module firebase-admin {\"declared\":true,\"installed\":true,\"version\":\"9.6.0\",\"resolution\":\"/media/dell/3ADC8576DC852D67/Users/DELL/Documents/Personal Projects/khet-market/functions/node_modules/firebase-admin/lib/index.js\"}"}}
[debug] [2021-04-10T18:15:24.702Z] [runtime-status] [7486] Resolved module firebase-functions {"declared":true,"installed":true,"version":"3.13.2","resolution":"/media/dell/3ADC8576DC852D67/Users/DELL/Documents/Personal Projects/khet-market/functions/node_modules/firebase-functions/lib/index.js"} {"metadata":{"emulator":{"name":"functions"},"function":{"name":"api"},"message":"[runtime-status] [7486] Resolved module firebase-functions {\"declared\":true,\"installed\":true,\"version\":\"3.13.2\",\"resolution\":\"/media/dell/3ADC8576DC852D67/Users/DELL/Documents/Personal Projects/khet-market/functions/node_modules/firebase-functions/lib/index.js\"}"}}
[debug] [2021-04-10T18:15:24.709Z] [runtime-status] [7486] Resolved module firebase-functions {"declared":true,"installed":true,"version":"3.13.2","resolution":"/media/dell/3ADC8576DC852D67/Users/DELL/Documents/Personal Projects/khet-market/functions/node_modules/firebase-functions/lib/index.js"} {"metadata":{"emulator":{"name":"functions"},"function":{"name":"api"},"message":"[runtime-status] [7486] Resolved module firebase-functions {\"declared\":true,\"installed\":true,\"version\":\"3.13.2\",\"resolution\":\"/media/dell/3ADC8576DC852D67/Users/DELL/Documents/Personal Projects/khet-market/functions/node_modules/firebase-functions/lib/index.js\"}"}}
[debug] [2021-04-10T18:15:24.711Z] [runtime-status] [7486] Outgoing network have been stubbed. [{"name":"http","status":"mocked"},{"name":"http","status":"mocked"},{"name":"https","status":"mocked"},{"name":"https","status":"mocked"},{"name":"net","status":"mocked"}] {"metadata":{"emulator":{"name":"functions"},"function":{"name":"api"},"message":"[runtime-status] [7486] Outgoing network have been stubbed. [{\"name\":\"http\",\"status\":\"mocked\"},{\"name\":\"http\",\"status\":\"mocked\"},{\"name\":\"https\",\"status\":\"mocked\"},{\"name\":\"https\",\"status\":\"mocked\"},{\"name\":\"net\",\"status\":\"mocked\"}]"}}
[debug] [2021-04-10T18:15:24.715Z] [runtime-status] [7486] Resolved module firebase-functions {"declared":true,"installed":true,"version":"3.13.2","resolution":"/media/dell/3ADC8576DC852D67/Users/DELL/Documents/Personal Projects/khet-market/functions/node_modules/firebase-functions/lib/index.js"} {"metadata":{"emulator":{"name":"functions"},"function":{"name":"api"},"message":"[runtime-status] [7486] Resolved module firebase-functions {\"declared\":true,\"installed\":true,\"version\":\"3.13.2\",\"resolution\":\"/media/dell/3ADC8576DC852D67/Users/DELL/Documents/Personal Projects/khet-market/functions/node_modules/firebase-functions/lib/index.js\"}"}}
[debug] [2021-04-10T18:15:24.827Z] [runtime-status] [7486] Checked functions.config() {"config":{}} {"metadata":{"emulator":{"name":"functions"},"function":{"name":"api"},"message":"[runtime-status] [7486] Checked functions.config() {\"config\":{}}"}}
[debug] [2021-04-10T18:15:24.828Z] [runtime-status] [7486] firebase-functions has been stubbed. {"functionsResolution":{"declared":true,"installed":true,"version":"3.13.2","resolution":"/media/dell/3ADC8576DC852D67/Users/DELL/Documents/Personal Projects/khet-market/functions/node_modules/firebase-functions/lib/index.js"}} {"metadata":{"emulator":{"name":"functions"},"function":{"name":"api"},"message":"[runtime-status] [7486] firebase-functions has been stubbed. {\"functionsResolution\":{\"declared\":true,\"installed\":true,\"version\":\"3.13.2\",\"resolution\":\"/media/dell/3ADC8576DC852D67/Users/DELL/Documents/Personal Projects/khet-market/functions/node_modules/firebase-functions/lib/index.js\"}}"}}
[debug] [2021-04-10T18:15:24.834Z] [runtime-status] [7486] Resolved module firebase-functions {"declared":true,"installed":true,"version":"3.13.2","resolution":"/media/dell/3ADC8576DC852D67/Users/DELL/Documents/Personal Projects/khet-market/functions/node_modules/firebase-functions/lib/index.js"} {"metadata":{"emulator":{"name":"functions"},"function":{"name":"api"},"message":"[runtime-status] [7486] Resolved module firebase-functions {\"declared\":true,\"installed\":true,\"version\":\"3.13.2\",\"resolution\":\"/media/dell/3ADC8576DC852D67/Users/DELL/Documents/Personal Projects/khet-market/functions/node_modules/firebase-functions/lib/index.js\"}"}}
[debug] [2021-04-10T18:15:24.838Z] [runtime-status] [7486] Resolved module firebase-admin {"declared":true,"installed":true,"version":"9.6.0","resolution":"/media/dell/3ADC8576DC852D67/Users/DELL/Documents/Personal Projects/khet-market/functions/node_modules/firebase-admin/lib/index.js"} {"metadata":{"emulator":{"name":"functions"},"function":{"name":"api"},"message":"[runtime-status] [7486] Resolved module firebase-admin {\"declared\":true,\"installed\":true,\"version\":\"9.6.0\",\"resolution\":\"/media/dell/3ADC8576DC852D67/Users/DELL/Documents/Personal Projects/khet-market/functions/node_modules/firebase-admin/lib/index.js\"}"}}
[debug] [2021-04-10T18:15:24.840Z] [runtime-status] [7486] Resolved module firebase-functions {"declared":true,"installed":true,"version":"3.13.2","resolution":"/media/dell/3ADC8576DC852D67/Users/DELL/Documents/Personal Projects/khet-market/functions/node_modules/firebase-functions/lib/index.js"} {"metadata":{"emulator":{"name":"functions"},"function":{"name":"api"},"message":"[runtime-status] [7486] Resolved module firebase-functions {\"declared\":true,\"installed\":true,\"version\":\"3.13.2\",\"resolution\":\"/media/dell/3ADC8576DC852D67/Users/DELL/Documents/Personal Projects/khet-market/functions/node_modules/firebase-functions/lib/index.js\"}"}}
[debug] [2021-04-10T18:15:24.840Z] [runtime-status] [7486] firebase-admin has been stubbed. {"adminResolution":{"declared":true,"installed":true,"version":"9.6.0","resolution":"/media/dell/3ADC8576DC852D67/Users/DELL/Documents/Personal Projects/khet-market/functions/node_modules/firebase-admin/lib/index.js"}} {"metadata":{"emulator":{"name":"functions"},"function":{"name":"api"},"message":"[runtime-status] [7486] firebase-admin has been stubbed. {\"adminResolution\":{\"declared\":true,\"installed\":true,\"version\":\"9.6.0\",\"resolution\":\"/media/dell/3ADC8576DC852D67/Users/DELL/Documents/Personal Projects/khet-market/functions/node_modules/firebase-admin/lib/index.js\"}}"}}
[debug] [2021-04-10T18:15:25.288Z] [runtime-status] [7486] Trigger "api" has been found, beginning invocation! {"metadata":{"emulator":{"name":"functions"},"function":{"name":"api"},"message":"[runtime-status] [7486] Trigger \"api\" has been found, beginning invocation!"}}
[info] i  functions: Beginning execution of "api" {"metadata":{"emulator":{"name":"functions"},"function":{"name":"api"},"message":"Beginning execution of \"api\""}}
[debug] [2021-04-10T18:15:25.292Z] [runtime-status] [7486] triggerDefinition {"httpsTrigger":{},"name":"api","entryPoint":"api"} {"metadata":{"emulator":{"name":"functions"},"function":{"name":"api"},"message":"[runtime-status] [7486] triggerDefinition {\"httpsTrigger\":{},\"name\":\"api\",\"entryPoint\":\"api\"}"}}
[debug] [2021-04-10T18:15:25.292Z] [runtime-status] [7486] Running api in mode HTTPS {"metadata":{"emulator":{"name":"functions"},"function":{"name":"api"},"message":"[runtime-status] [7486] Running api in mode HTTPS"}}
[debug] [2021-04-10T18:15:25.297Z] [runtime-status] [7486] Attempting to listen to socketPath: /tmp/fire_emu_7486.sock {"metadata":{"emulator":{"name":"functions"},"function":{"name":"api"},"message":"[runtime-status] [7486] Attempting to listen to socketPath: /tmp/fire_emu_7486.sock"}}
[debug] [2021-04-10T18:15:25.313Z] [functions] Runtime ready! Sending request! {"metadata":{"emulator":{"name":"functions"},"message":"[functions] Runtime ready! Sending request!"}}
[debug] [2021-04-10T18:15:25.315Z] [functions] Got req.url=/khet-market/us-central1/api, mapping to path=/ {"metadata":{"emulator":{"name":"functions"},"message":"[functions] Got req.url=/khet-market/us-central1/api, mapping to path=/"}}
[debug] [2021-04-10T18:15:25.329Z] [runtime-status] [7486] Ephemeral server handling GET request {"metadata":{"emulator":{"name":"functions"},"function":{"name":"api"},"message":"[runtime-status] [7486] Ephemeral server handling GET request"}}
[debug] [2021-04-10T18:15:25.653Z] [runtime-status] [7486] Ephemeral server survived. {"metadata":{"emulator":{"name":"functions"},"function":{"name":"api"},"message":"[runtime-status] [7486] Ephemeral server survived."}}
[info] i  functions: Finished "api" in ~1s {"metadata":{"emulator":{"name":"functions"},"function":{"name":"api"},"message":"Finished \"api\" in ~1s"}}
[debug] [2021-04-10T18:15:25.678Z] [worker-api-8cc72be7-41ff-4be9-a92f-c3b2e09799f4]: IDLE {"metadata":{"emulator":{"name":"functions"},"message":"[worker-api-8cc72be7-41ff-4be9-a92f-c3b2e09799f4]: IDLE"}}
[debug] [2021-04-10T18:15:25.680Z] [work-queue] {"queueLength":0,"workRunningCount":0}
[debug] [2021-04-10T18:15:25.901Z] Functions emulator received unknown request at path /favicon.ico
[debug] [2021-04-10T18:15:39.871Z] [work-queue] {"queueLength":1,"workRunningCount":0}
[debug] [2021-04-10T18:15:39.871Z] [work-queue] {"queueLength":0,"workRunningCount":1}
[debug] [2021-04-10T18:15:39.872Z] Accepted request POST /khet-market/us-central1/api/payments/create?total=59800 --> api
[debug] [2021-04-10T18:15:39.872Z] [worker-pool] submitWork(triggerId=api) {"metadata":{"emulator":{"name":"functions"},"message":"[worker-pool] submitWork(triggerId=api)"}}
[debug] [2021-04-10T18:15:39.872Z] [worker-api-8cc72be7-41ff-4be9-a92f-c3b2e09799f4]: Assigning socketPath: /tmp/fire_emu_7486.sock {"metadata":{"emulator":{"name":"functions"},"message":"[worker-api-8cc72be7-41ff-4be9-a92f-c3b2e09799f4]: Assigning socketPath: /tmp/fire_emu_7486.sock"}}
[debug] [2021-04-10T18:15:39.872Z] [worker-api-8cc72be7-41ff-4be9-a92f-c3b2e09799f4]: BUSY {"metadata":{"emulator":{"name":"functions"},"message":"[worker-api-8cc72be7-41ff-4be9-a92f-c3b2e09799f4]: BUSY"}}
[debug] [2021-04-10T18:15:39.876Z] [runtime-status] [7486] Trigger "api" has been found, beginning invocation! {"metadata":{"emulator":{"name":"functions"},"function":{"name":"api"},"message":"[runtime-status] [7486] Trigger \"api\" has been found, beginning invocation!"}}
[info] i  functions: Beginning execution of "api" {"metadata":{"emulator":{"name":"functions"},"function":{"name":"api"},"message":"Beginning execution of \"api\""}}
[debug] [2021-04-10T18:15:39.877Z] [runtime-status] [7486] triggerDefinition {"httpsTrigger":{},"name":"api","entryPoint":"api"} {"metadata":{"emulator":{"name":"functions"},"function":{"name":"api"},"message":"[runtime-status] [7486] triggerDefinition {\"httpsTrigger\":{},\"name\":\"api\",\"entryPoint\":\"api\"}"}}
[debug] [2021-04-10T18:15:39.877Z] [runtime-status] [7486] Running api in mode HTTPS {"metadata":{"emulator":{"name":"functions"},"function":{"name":"api"},"message":"[runtime-status] [7486] Running api in mode HTTPS"}}
[debug] [2021-04-10T18:15:39.878Z] [runtime-status] [7486] Attempting to listen to socketPath: /tmp/fire_emu_7486.sock {"metadata":{"emulator":{"name":"functions"},"function":{"name":"api"},"message":"[runtime-status] [7486] Attempting to listen to socketPath: /tmp/fire_emu_7486.sock"}}
[debug] [2021-04-10T18:15:39.881Z] [functions] Runtime ready! Sending request! {"metadata":{"emulator":{"name":"functions"},"message":"[functions] Runtime ready! Sending request!"}}
[debug] [2021-04-10T18:15:39.882Z] [functions] Got req.url=/khet-market/us-central1/api/payments/create?total=59800, mapping to path=/payments/create?total=59800 {"metadata":{"emulator":{"name":"functions"},"message":"[functions] Got req.url=/khet-market/us-central1/api/payments/create?total=59800, mapping to path=/payments/create?total=59800"}}
[debug] [2021-04-10T18:15:39.892Z] [runtime-status] [7486] Ephemeral server handling POST request {"metadata":{"emulator":{"name":"functions"},"function":{"name":"api"},"message":"[runtime-status] [7486] Ephemeral server handling POST request"}}
[debug] [2021-04-10T18:15:39.908Z] [runtime-status] [7486] Ephemeral server survived. {"metadata":{"emulator":{"name":"functions"},"function":{"name":"api"},"message":"[runtime-status] [7486] Ephemeral server survived."}}
[info] i  functions: Finished "api" in ~7s {"metadata":{"emulator":{"name":"functions"},"function":{"name":"api"},"message":"Finished \"api\" in ~7s"}}
[debug] [2021-04-10T18:15:46.997Z] [worker-api-8cc72be7-41ff-4be9-a92f-c3b2e09799f4]: IDLE {"metadata":{"emulator":{"name":"functions"},"message":"[worker-api-8cc72be7-41ff-4be9-a92f-c3b2e09799f4]: IDLE"}}
[debug] [2021-04-10T18:15:46.998Z] [work-queue] {"queueLength":0,"workRunningCount":0}
[debug] [2021-04-10T18:16:11.320Z] [work-queue] {"queueLength":1,"workRunningCount":0}
[debug] [2021-04-10T18:16:11.322Z] [work-queue] {"queueLength":0,"workRunningCount":1}
[debug] [2021-04-10T18:16:11.322Z] Accepted request POST /khet-market/us-central1/api/payments/create?total=0 --> api
[debug] [2021-04-10T18:16:11.324Z] [worker-pool] submitWork(triggerId=api) {"metadata":{"emulator":{"name":"functions"},"message":"[worker-pool] submitWork(triggerId=api)"}}
[debug] [2021-04-10T18:16:11.325Z] [worker-api-8cc72be7-41ff-4be9-a92f-c3b2e09799f4]: Assigning socketPath: /tmp/fire_emu_7486.sock {"metadata":{"emulator":{"name":"functions"},"message":"[worker-api-8cc72be7-41ff-4be9-a92f-c3b2e09799f4]: Assigning socketPath: /tmp/fire_emu_7486.sock"}}
[debug] [2021-04-10T18:16:11.326Z] [worker-api-8cc72be7-41ff-4be9-a92f-c3b2e09799f4]: BUSY {"metadata":{"emulator":{"name":"functions"},"message":"[worker-api-8cc72be7-41ff-4be9-a92f-c3b2e09799f4]: BUSY"}}
[debug] [2021-04-10T18:16:11.333Z] [runtime-status] [7486] Trigger "api" has been found, beginning invocation! {"metadata":{"emulator":{"name":"functions"},"function":{"name":"api"},"message":"[runtime-status] [7486] Trigger \"api\" has been found, beginning invocation!"}}
[info] i  functions: Beginning execution of "api" {"metadata":{"emulator":{"name":"functions"},"function":{"name":"api"},"message":"Beginning execution of \"api\""}}
[debug] [2021-04-10T18:16:11.339Z] [runtime-status] [7486] triggerDefinition {"httpsTrigger":{},"name":"api","entryPoint":"api"} {"metadata":{"emulator":{"name":"functions"},"function":{"name":"api"},"message":"[runtime-status] [7486] triggerDefinition {\"httpsTrigger\":{},\"name\":\"api\",\"entryPoint\":\"api\"}"}}
[debug] [2021-04-10T18:16:11.339Z] [runtime-status] [7486] Running api in mode HTTPS {"metadata":{"emulator":{"name":"functions"},"function":{"name":"api"},"message":"[runtime-status] [7486] Running api in mode HTTPS"}}
[debug] [2021-04-10T18:16:11.344Z] [runtime-status] [7486] Attempting to listen to socketPath: /tmp/fire_emu_7486.sock {"metadata":{"emulator":{"name":"functions"},"function":{"name":"api"},"message":"[runtime-status] [7486] Attempting to listen to socketPath: /tmp/fire_emu_7486.sock"}}
[debug] [2021-04-10T18:16:11.345Z] [functions] Runtime ready! Sending request! {"metadata":{"emulator":{"name":"functions"},"message":"[functions] Runtime ready! Sending request!"}}
[debug] [2021-04-10T18:16:11.349Z] [functions] Got req.url=/khet-market/us-central1/api/payments/create?total=0, mapping to path=/payments/create?total=0 {"metadata":{"emulator":{"name":"functions"},"message":"[functions] Got req.url=/khet-market/us-central1/api/payments/create?total=0, mapping to path=/payments/create?total=0"}}
[debug] [2021-04-10T18:16:11.359Z] [runtime-status] [7486] Ephemeral server handling POST request {"metadata":{"emulator":{"name":"functions"},"function":{"name":"api"},"message":"[runtime-status] [7486] Ephemeral server handling POST request"}}
[debug] [2021-04-10T18:16:11.359Z] [runtime-status] [7486] Ephemeral server survived. {"metadata":{"emulator":{"name":"functions"},"function":{"name":"api"},"message":"[runtime-status] [7486] Ephemeral server survived."}}
[info] >  (node:7486) UnhandledPromiseRejectionWarning: Error: This value must be greater than or equal to 1. {"user":"(node:7486) UnhandledPromiseRejectionWarning: Error: This value must be greater than or equal to 1.","metadata":{"emulator":{"name":"functions"},"function":{"name":"api"},"message":"\u001b[90m> \u001b[39m (node:7486) UnhandledPromiseRejectionWarning: Error: This value must be greater than or equal to 1."}}
[info] >      at Function.generate (/media/dell/3ADC8576DC852D67/Users/DELL/Documents/Personal Projects/khet-market/functions/node_modules/stripe/lib/Error.js:40:16) {"user":"    at Function.generate (/media/dell/3ADC8576DC852D67/Users/DELL/Documents/Personal Projects/khet-market/functions/node_modules/stripe/lib/Error.js:40:16)","metadata":{"emulator":{"name":"functions"},"function":{"name":"api"},"message":"\u001b[90m> \u001b[39m     at Function.generate (/media/dell/3ADC8576DC852D67/Users/DELL/Documents/Personal Projects/khet-market/functions/node_modules/stripe/lib/Error.js:40:16)"}}
[info] >      at IncomingMessage.<anonymous> (/media/dell/3ADC8576DC852D67/Users/DELL/Documents/Personal Projects/khet-market/functions/node_modules/stripe/lib/StripeResource.js:180:33) {"user":"    at IncomingMessage.<anonymous> (/media/dell/3ADC8576DC852D67/Users/DELL/Documents/Personal Projects/khet-market/functions/node_modules/stripe/lib/StripeResource.js:180:33)","metadata":{"emulator":{"name":"functions"},"function":{"name":"api"},"message":"\u001b[90m> \u001b[39m     at IncomingMessage.<anonymous> (/media/dell/3ADC8576DC852D67/Users/DELL/Documents/Personal Projects/khet-market/functions/node_modules/stripe/lib/StripeResource.js:180:33)"}}
[info] >      at Object.onceWrapper (events.js:420:28) {"user":"    at Object.onceWrapper (events.js:420:28)","metadata":{"emulator":{"name":"functions"},"function":{"name":"api"},"message":"\u001b[90m> \u001b[39m     at Object.onceWrapper (events.js:420:28)"}}
[info] >      at IncomingMessage.emit (events.js:326:22) {"user":"    at IncomingMessage.emit (events.js:326:22)","metadata":{"emulator":{"name":"functions"},"function":{"name":"api"},"message":"\u001b[90m> \u001b[39m     at IncomingMessage.emit (events.js:326:22)"}}
[info] >      at endReadableNT (_stream_readable.js:1223:12) {"user":"    at endReadableNT (_stream_readable.js:1223:12)","metadata":{"emulator":{"name":"functions"},"function":{"name":"api"},"message":"\u001b[90m> \u001b[39m     at endReadableNT (_stream_readable.js:1223:12)"}}
[info] >      at processTicksAndRejections (internal/process/task_queues.js:84:21) {"user":"    at processTicksAndRejections (internal/process/task_queues.js:84:21)","metadata":{"emulator":{"name":"functions"},"function":{"name":"api"},"message":"\u001b[90m> \u001b[39m     at processTicksAndRejections (internal/process/task_queues.js:84:21)"}}
[info] >  (node:7486) UnhandledPromiseRejectionWarning: Unhandled promise rejection. This error originated either by throwing inside of an async function without a catch block, or by rejecting a promise which was not handled with .catch(). To terminate the node process on unhandled promise rejection, use the CLI flag `--unhandled-rejections=strict` (see https://nodejs.org/api/cli.html#cli_unhandled_rejections_mode). (rejection id: 1) {"user":"(node:7486) UnhandledPromiseRejectionWarning: Unhandled promise rejection. This error originated either by throwing inside of an async function without a catch block, or by rejecting a promise which was not handled with .catch(). To terminate the node process on unhandled promise rejection, use the CLI flag `--unhandled-rejections=strict` (see https://nodejs.org/api/cli.html#cli_unhandled_rejections_mode). (rejection id: 1)","metadata":{"emulator":{"name":"functions"},"function":{"name":"api"},"message":"\u001b[90m> \u001b[39m (node:7486) UnhandledPromiseRejectionWarning: Unhandled promise rejection. This error originated either by throwing inside of an async function without a catch block, or by rejecting a promise which was not handled with .catch(). To terminate the node process on unhandled promise rejection, use the CLI flag `--unhandled-rejections=strict` (see https://nodejs.org/api/cli.html#cli_unhandled_rejections_mode). (rejection id: 1)"}}
[info] >  (node:7486) [DEP0018] DeprecationWarning: Unhandled promise rejections are deprecated. In the future, promise rejections that are not handled will terminate the Node.js process with a non-zero exit code. {"user":"(node:7486) [DEP0018] DeprecationWarning: Unhandled promise rejections are deprecated. In the future, promise rejections that are not handled will terminate the Node.js process with a non-zero exit code.","metadata":{"emulator":{"name":"functions"},"function":{"name":"api"},"message":"\u001b[90m> \u001b[39m (node:7486) [DEP0018] DeprecationWarning: Unhandled promise rejections are deprecated. In the future, promise rejections that are not handled will terminate the Node.js process with a non-zero exit code."}}
[warn] ⚠  functions: Your function timed out after ~60s. To configure this timeout, see
      https://firebase.google.com/docs/functions/manage-functions#set_timeout_and_memory_allocation. {"metadata":{"emulator":{"name":"functions"},"function":{"name":"api"},"message":"Your function timed out after ~60s. To configure this timeout, see\n      https://firebase.google.com/docs/functions/manage-functions#set_timeout_and_memory_allocation."}}
[info] >  /usr/local/lib/node_modules/firebase-tools/lib/emulator/functionsEmulatorRuntime.js:640 {"user":"/usr/local/lib/node_modules/firebase-tools/lib/emulator/functionsEmulatorRuntime.js:640","metadata":{"emulator":{"name":"functions"},"function":{"name":"api"},"message":"\u001b[90m> \u001b[39m /usr/local/lib/node_modules/firebase-tools/lib/emulator/functionsEmulatorRuntime.js:640"}}
[info] >              throw new Error("Function timed out."); {"user":"            throw new Error(\"Function timed out.\");","metadata":{"emulator":{"name":"functions"},"function":{"name":"api"},"message":"\u001b[90m> \u001b[39m             throw new Error(\"Function timed out.\");"}}
[info] >              ^ {"user":"            ^","metadata":{"emulator":{"name":"functions"},"function":{"name":"api"},"message":"\u001b[90m> \u001b[39m             ^"}}
[info] >   {"user":"","metadata":{"emulator":{"name":"functions"},"function":{"name":"api"},"message":"\u001b[90m> \u001b[39m "}}
[info] >  Error: Function timed out. {"user":"Error: Function timed out.","metadata":{"emulator":{"name":"functions"},"function":{"name":"api"},"message":"\u001b[90m> \u001b[39m Error: Function timed out."}}
[info] >      at Timeout._onTimeout (/usr/local/lib/node_modules/firebase-tools/lib/emulator/functionsEmulatorRuntime.js:640:19) {"user":"    at Timeout._onTimeout (/usr/local/lib/node_modules/firebase-tools/lib/emulator/functionsEmulatorRuntime.js:640:19)","metadata":{"emulator":{"name":"functions"},"function":{"name":"api"},"message":"\u001b[90m> \u001b[39m     at Timeout._onTimeout (/usr/local/lib/node_modules/firebase-tools/lib/emulator/functionsEmulatorRuntime.js:640:19)"}}
[info] >      at listOnTimeout (internal/timers.js:554:17) {"user":"    at listOnTimeout (internal/timers.js:554:17)","metadata":{"emulator":{"name":"functions"},"function":{"name":"api"},"message":"\u001b[90m> \u001b[39m     at listOnTimeout (internal/timers.js:554:17)"}}
[info] >      at processTimers (internal/timers.js:497:7) {"user":"    at processTimers (internal/timers.js:497:7)","metadata":{"emulator":{"name":"functions"},"function":{"name":"api"},"message":"\u001b[90m> \u001b[39m     at processTimers (internal/timers.js:497:7)"}}
[debug] [2021-04-10T18:17:11.388Z] [worker-api-8cc72be7-41ff-4be9-a92f-c3b2e09799f4]: exited {"metadata":{"emulator":{"name":"functions"},"message":"[worker-api-8cc72be7-41ff-4be9-a92f-c3b2e09799f4]: exited"}}
[debug] [2021-04-10T18:17:11.389Z] [worker-api-8cc72be7-41ff-4be9-a92f-c3b2e09799f4]: FINISHED {"metadata":{"emulator":{"name":"functions"},"message":"[worker-api-8cc72be7-41ff-4be9-a92f-c3b2e09799f4]: FINISHED"}}
[debug] [2021-04-10T18:17:11.390Z] [work-queue] {"queueLength":0,"workRunningCount":0}
[debug] [2021-04-10T18:51:35.594Z] [work-queue] {"queueLength":1,"workRunningCount":0}
[debug] [2021-04-10T18:51:35.595Z] [work-queue] {"queueLength":0,"workRunningCount":1}
[debug] [2021-04-10T18:51:35.605Z] Accepted request POST /khet-market/us-central1/api/payments/create?total=19900 --> api
[debug] [2021-04-10T18:51:35.605Z] [worker-pool] Cleaned up workers for api: 1 --> 0 {"metadata":{"emulator":{"name":"functions"},"message":"[worker-pool] Cleaned up workers for api: 1 --> 0"}}
[debug] [2021-04-10T18:51:35.615Z] [worker-pool] addWorker(api) {"metadata":{"emulator":{"name":"functions"},"message":"[worker-pool] addWorker(api)"}}
[debug] [2021-04-10T18:51:35.616Z] [worker-pool] Adding worker with key api, total=1 {"metadata":{"emulator":{"name":"functions"},"message":"[worker-pool] Adding worker with key api, total=1"}}
[debug] [2021-04-10T18:51:35.616Z] [worker-pool] submitWork(triggerId=api) {"metadata":{"emulator":{"name":"functions"},"message":"[worker-pool] submitWork(triggerId=api)"}}
[debug] [2021-04-10T18:51:35.616Z] [worker-api-4053e8ce-721b-46a1-8095-1b3a76ea44b3]: Assigning socketPath: /tmp/fire_emu_9736.sock {"metadata":{"emulator":{"name":"functions"},"message":"[worker-api-4053e8ce-721b-46a1-8095-1b3a76ea44b3]: Assigning socketPath: /tmp/fire_emu_9736.sock"}}
[debug] [2021-04-10T18:51:35.617Z] [worker-api-4053e8ce-721b-46a1-8095-1b3a76ea44b3]: BUSY {"metadata":{"emulator":{"name":"functions"},"message":"[worker-api-4053e8ce-721b-46a1-8095-1b3a76ea44b3]: BUSY"}}
[debug] [2021-04-10T18:51:35.964Z] [runtime-status] [9736] Functions runtime initialized. {"cwd":"/media/dell/3ADC8576DC852D67/Users/DELL/Documents/Personal Projects/khet-market/functions","node_version":"12.19.0"} {"metadata":{"emulator":{"name":"functions"},"function":{"name":"api"},"message":"[runtime-status] [9736] Functions runtime initialized. {\"cwd\":\"/media/dell/3ADC8576DC852D67/Users/DELL/Documents/Personal Projects/khet-market/functions\",\"node_version\":\"12.19.0\"}"}}
[debug] [2021-04-10T18:51:35.973Z] [runtime-status] [9736] Disabled runtime features: undefined {"metadata":{"emulator":{"name":"functions"},"function":{"name":"api"},"message":"[runtime-status] [9736] Disabled runtime features: undefined"}}
[debug] [2021-04-10T18:51:35.989Z] [runtime-status] [9736] Resolved module firebase-admin {"declared":true,"installed":true,"version":"9.6.0","resolution":"/media/dell/3ADC8576DC852D67/Users/DELL/Documents/Personal Projects/khet-market/functions/node_modules/firebase-admin/lib/index.js"} {"metadata":{"emulator":{"name":"functions"},"function":{"name":"api"},"message":"[runtime-status] [9736] Resolved module firebase-admin {\"declared\":true,\"installed\":true,\"version\":\"9.6.0\",\"resolution\":\"/media/dell/3ADC8576DC852D67/Users/DELL/Documents/Personal Projects/khet-market/functions/node_modules/firebase-admin/lib/index.js\"}"}}
[debug] [2021-04-10T18:51:36.002Z] [runtime-status] [9736] Resolved module firebase-functions {"declared":true,"installed":true,"version":"3.13.2","resolution":"/media/dell/3ADC8576DC852D67/Users/DELL/Documents/Personal Projects/khet-market/functions/node_modules/firebase-functions/lib/index.js"} {"metadata":{"emulator":{"name":"functions"},"function":{"name":"api"},"message":"[runtime-status] [9736] Resolved module firebase-functions {\"declared\":true,\"installed\":true,\"version\":\"3.13.2\",\"resolution\":\"/media/dell/3ADC8576DC852D67/Users/DELL/Documents/Personal Projects/khet-market/functions/node_modules/firebase-functions/lib/index.js\"}"}}
[debug] [2021-04-10T18:51:36.013Z] [runtime-status] [9736] Resolved module firebase-functions {"declared":true,"installed":true,"version":"3.13.2","resolution":"/media/dell/3ADC8576DC852D67/Users/DELL/Documents/Personal Projects/khet-market/functions/node_modules/firebase-functions/lib/index.js"} {"metadata":{"emulator":{"name":"functions"},"function":{"name":"api"},"message":"[runtime-status] [9736] Resolved module firebase-functions {\"declared\":true,\"installed\":true,\"version\":\"3.13.2\",\"resolution\":\"/media/dell/3ADC8576DC852D67/Users/DELL/Documents/Personal Projects/khet-market/functions/node_modules/firebase-functions/lib/index.js\"}"}}
[debug] [2021-04-10T18:51:36.013Z] [runtime-status] [9736] Outgoing network have been stubbed. [{"name":"http","status":"mocked"},{"name":"http","status":"mocked"},{"name":"https","status":"mocked"},{"name":"https","status":"mocked"},{"name":"net","status":"mocked"}] {"metadata":{"emulator":{"name":"functions"},"function":{"name":"api"},"message":"[runtime-status] [9736] Outgoing network have been stubbed. [{\"name\":\"http\",\"status\":\"mocked\"},{\"name\":\"http\",\"status\":\"mocked\"},{\"name\":\"https\",\"status\":\"mocked\"},{\"name\":\"https\",\"status\":\"mocked\"},{\"name\":\"net\",\"status\":\"mocked\"}]"}}
[debug] [2021-04-10T18:51:36.022Z] [runtime-status] [9736] Resolved module firebase-functions {"declared":true,"installed":true,"version":"3.13.2","resolution":"/media/dell/3ADC8576DC852D67/Users/DELL/Documents/Personal Projects/khet-market/functions/node_modules/firebase-functions/lib/index.js"} {"metadata":{"emulator":{"name":"functions"},"function":{"name":"api"},"message":"[runtime-status] [9736] Resolved module firebase-functions {\"declared\":true,\"installed\":true,\"version\":\"3.13.2\",\"resolution\":\"/media/dell/3ADC8576DC852D67/Users/DELL/Documents/Personal Projects/khet-market/functions/node_modules/firebase-functions/lib/index.js\"}"}}
[debug] [2021-04-10T18:51:36.267Z] [runtime-status] [9736] Checked functions.config() {"config":{}} {"metadata":{"emulator":{"name":"functions"},"function":{"name":"api"},"message":"[runtime-status] [9736] Checked functions.config() {\"config\":{}}"}}
[debug] [2021-04-10T18:51:36.268Z] [runtime-status] [9736] firebase-functions has been stubbed. {"functionsResolution":{"declared":true,"installed":true,"version":"3.13.2","resolution":"/media/dell/3ADC8576DC852D67/Users/DELL/Documents/Personal Projects/khet-market/functions/node_modules/firebase-functions/lib/index.js"}} {"metadata":{"emulator":{"name":"functions"},"function":{"name":"api"},"message":"[runtime-status] [9736] firebase-functions has been stubbed. {\"functionsResolution\":{\"declared\":true,\"installed\":true,\"version\":\"3.13.2\",\"resolution\":\"/media/dell/3ADC8576DC852D67/Users/DELL/Documents/Personal Projects/khet-market/functions/node_modules/firebase-functions/lib/index.js\"}}"}}
[debug] [2021-04-10T18:51:36.273Z] [runtime-status] [9736] Resolved module firebase-functions {"declared":true,"installed":true,"version":"3.13.2","resolution":"/media/dell/3ADC8576DC852D67/Users/DELL/Documents/Personal Projects/khet-market/functions/node_modules/firebase-functions/lib/index.js"} {"metadata":{"emulator":{"name":"functions"},"function":{"name":"api"},"message":"[runtime-status] [9736] Resolved module firebase-functions {\"declared\":true,\"installed\":true,\"version\":\"3.13.2\",\"resolution\":\"/media/dell/3ADC8576DC852D67/Users/DELL/Documents/Personal Projects/khet-market/functions/node_modules/firebase-functions/lib/index.js\"}"}}
[debug] [2021-04-10T18:51:36.286Z] [runtime-status] [9736] Resolved module firebase-admin {"declared":true,"installed":true,"version":"9.6.0","resolution":"/media/dell/3ADC8576DC852D67/Users/DELL/Documents/Personal Projects/khet-market/functions/node_modules/firebase-admin/lib/index.js"} {"metadata":{"emulator":{"name":"functions"},"function":{"name":"api"},"message":"[runtime-status] [9736] Resolved module firebase-admin {\"declared\":true,\"installed\":true,\"version\":\"9.6.0\",\"resolution\":\"/media/dell/3ADC8576DC852D67/Users/DELL/Documents/Personal Projects/khet-market/functions/node_modules/firebase-admin/lib/index.js\"}"}}
[debug] [2021-04-10T18:51:36.293Z] [runtime-status] [9736] Resolved module firebase-functions {"declared":true,"installed":true,"version":"3.13.2","resolution":"/media/dell/3ADC8576DC852D67/Users/DELL/Documents/Personal Projects/khet-market/functions/node_modules/firebase-functions/lib/index.js"} {"metadata":{"emulator":{"name":"functions"},"function":{"name":"api"},"message":"[runtime-status] [9736] Resolved module firebase-functions {\"declared\":true,\"installed\":true,\"version\":\"3.13.2\",\"resolution\":\"/media/dell/3ADC8576DC852D67/Users/DELL/Documents/Personal Projects/khet-market/functions/node_modules/firebase-functions/lib/index.js\"}"}}
[debug] [2021-04-10T18:51:36.294Z] [runtime-status] [9736] firebase-admin has been stubbed. {"adminResolution":{"declared":true,"installed":true,"version":"9.6.0","resolution":"/media/dell/3ADC8576DC852D67/Users/DELL/Documents/Personal Projects/khet-market/functions/node_modules/firebase-admin/lib/index.js"}} {"metadata":{"emulator":{"name":"functions"},"function":{"name":"api"},"message":"[runtime-status] [9736] firebase-admin has been stubbed. {\"adminResolution\":{\"declared\":true,\"installed\":true,\"version\":\"9.6.0\",\"resolution\":\"/media/dell/3ADC8576DC852D67/Users/DELL/Documents/Personal Projects/khet-market/functions/node_modules/firebase-admin/lib/index.js\"}}"}}
[debug] [2021-04-10T18:51:37.277Z] [runtime-status] [9736] Trigger "api" has been found, beginning invocation! {"metadata":{"emulator":{"name":"functions"},"function":{"name":"api"},"message":"[runtime-status] [9736] Trigger \"api\" has been found, beginning invocation!"}}
[info] i  functions: Beginning execution of "api" {"metadata":{"emulator":{"name":"functions"},"function":{"name":"api"},"message":"Beginning execution of \"api\""}}
[debug] [2021-04-10T18:51:37.279Z] [runtime-status] [9736] triggerDefinition {"httpsTrigger":{},"name":"api","entryPoint":"api"} {"metadata":{"emulator":{"name":"functions"},"function":{"name":"api"},"message":"[runtime-status] [9736] triggerDefinition {\"httpsTrigger\":{},\"name\":\"api\",\"entryPoint\":\"api\"}"}}
[debug] [2021-04-10T18:51:37.279Z] [runtime-status] [9736] Running api in mode HTTPS {"metadata":{"emulator":{"name":"functions"},"function":{"name":"api"},"message":"[runtime-status] [9736] Running api in mode HTTPS"}}
[debug] [2021-04-10T18:51:37.285Z] [runtime-status] [9736] Attempting to listen to socketPath: /tmp/fire_emu_9736.sock {"metadata":{"emulator":{"name":"functions"},"function":{"name":"api"},"message":"[runtime-status] [9736] Attempting to listen to socketPath: /tmp/fire_emu_9736.sock"}}
[debug] [2021-04-10T18:51:37.298Z] [functions] Runtime ready! Sending request! {"metadata":{"emulator":{"name":"functions"},"message":"[functions] Runtime ready! Sending request!"}}
[debug] [2021-04-10T18:51:37.299Z] [functions] Got req.url=/khet-market/us-central1/api/payments/create?total=19900, mapping to path=/payments/create?total=19900 {"metadata":{"emulator":{"name":"functions"},"message":"[functions] Got req.url=/khet-market/us-central1/api/payments/create?total=19900, mapping to path=/payments/create?total=19900"}}
[debug] [2021-04-10T18:51:37.318Z] [runtime-status] [9736] Ephemeral server handling POST request {"metadata":{"emulator":{"name":"functions"},"function":{"name":"api"},"message":"[runtime-status] [9736] Ephemeral server handling POST request"}}
[debug] [2021-04-10T18:51:37.348Z] [runtime-status] [9736] Ephemeral server survived. {"metadata":{"emulator":{"name":"functions"},"function":{"name":"api"},"message":"[runtime-status] [9736] Ephemeral server survived."}}
[info] i  functions: Finished "api" in ~1s {"metadata":{"emulator":{"name":"functions"},"function":{"name":"api"},"message":"Finished \"api\" in ~1s"}}
[debug] [2021-04-10T18:51:38.214Z] [worker-api-4053e8ce-721b-46a1-8095-1b3a76ea44b3]: IDLE {"metadata":{"emulator":{"name":"functions"},"message":"[worker-api-4053e8ce-721b-46a1-8095-1b3a76ea44b3]: IDLE"}}
[debug] [2021-04-10T18:51:38.215Z] [work-queue] {"queueLength":0,"workRunningCount":0}
